<?xml version="1.0" encoding="UTF-8"?>
<!-- Generated by org.testng.reporters.JUnitReportReporter -->
<testsuite skipped="0" hostname="hp" name="automation.LibraryE2E" tests="3" failures="0" timestamp="09 Jul 2019 10:50:55 GMT" time="7.025" errors="0">
  <testcase name="addBook" time="6.054" classname="automation.LibraryE2E"/>
  <testcase name="SearchBook" time="0.504" classname="automation.LibraryE2E"/>
  <testcase name="DeleteBook" time="0.467" classname="automation.LibraryE2E"/>
</testsuite> <!-- automation.LibraryE2E -->
