<?xml version="1.0" encoding="UTF-8"?>
<!-- Generated by org.testng.reporters.JUnitReportReporter -->
<testsuite skipped="0" hostname="hp" name="automation.addGetDelete" tests="3" failures="0" timestamp="10 Jul 2019 09:16:37 GMT" time="8.399" errors="0">
  <testcase name="addBook" time="7.429" classname="automation.addGetDelete"/>
  <testcase name="SearchBook" time="0.532" classname="automation.addGetDelete"/>
  <testcase name="DeleteBook" time="0.438" classname="automation.addGetDelete"/>
</testsuite> <!-- automation.addGetDelete -->
