<?xml version="1.0" encoding="UTF-8"?>
<!-- Generated by org.testng.reporters.JUnitReportReporter -->
<testsuite skipped="0" hostname="hp" name="resources.Base" tests="1" failures="0" timestamp="10 Jul 2019 09:03:24 GMT" time="0.032" errors="0">
  <testcase name="getURL" time="0.032" classname="resources.Base"/>
</testsuite> <!-- resources.Base -->
